<?xml version="1.0" encoding="UTF-8"?>
<!-- Generated by org.testng.reporters.JUnitXMLReporter -->
<testsuite ignored="0" hostname="DESKTOP-DCCAN7Q" failures="1" tests="7" name="Inwarranty Flow Test" time="5.701" errors="0" timestamp="2025-12-04T19:40:01 IST">
  <testcase classname="com.api.tests.LoginAPITest" name="loginAPITest" time="2.843"/>
  <testcase classname="com.api.tests.UserDetailsAPITest" name="userDetailsAPITest" time="0.488"/>
  <testcase classname="com.api.tests.CountAPITest" name="countAPITest_MisssingAuthToken" time="0.574"/>
  <testcase classname="com.api.tests.CountAPITest" name="verifyCountAPIResponse" time="0.503"/>
  <testcase classname="com.api.tests.MasterAPITest" name="invalidTokenMasterAPITest" time="0.175"/>
  <testcase classname="com.api.tests.MasterAPITest" name="masterAPITest" time="0.609"/>
  <testcase classname="com.api.tests.CreateJobAPITest" name="createJobAPITest" time="0.428">
    <failure type="java.lang.AssertionError" message="1 expectation failed.
Expected status code &amp;lt;200&amp;gt; but was &amp;lt;500&amp;gt;.
">
      <![CDATA[java.lang.AssertionError: 1 expectation failed.
Expected status code <200> but was <500>.

at org.codehaus.groovy.runtime.callsite.ConstructorSite$ConstructorSiteNoUnwrapNoCoerce.callConstructor(ConstructorSite.java:108)
at org.codehaus.groovy.runtime.callsite.CallSiteArray.defaultCallConstructor(CallSiteArray.java:57)
at org.codehaus.groovy.runtime.callsite.AbstractCallSite.callConstructor(AbstractCallSite.java:263)
at org.codehaus.groovy.runtime.callsite.AbstractCallSite.callConstructor(AbstractCallSite.java:277)
at io.restassured.internal.ResponseSpecificationImpl$HamcrestAssertionClosure.validate(ResponseSpecificationImpl.groovy:512)
at io.restassured.internal.ResponseSpecificationImpl$HamcrestAssertionClosure$validate$1.call(Unknown Source)
at io.restassured.internal.ResponseSpecificationImpl.validate(ResponseSpecificationImpl.groovy:101)
at io.restassured.internal.ValidatableResponseOptionsImpl.spec(ValidatableResponseOptionsImpl.java:288)
at com.api.tests.CreateJobAPITest.createJobAPITest(CreateJobAPITest.java:59)
at java.base/java.util.ArrayList.forEach(ArrayList.java:1596)
... Removed 29 stack frames]]>
    </failure>
  </testcase> <!-- createJobAPITest -->
</testsuite> <!-- Inwarranty Flow Test -->
