<?xml version="1.0" encoding="UTF-8"?>
<!-- Generated by org.testng.reporters.JUnitReportReporter -->
<testsuite hostname="DESKTOP-DCCAN7Q" failures="0" tests="2" name="com.api.tests.CountAPITest" time="1.077" errors="0" timestamp="2025-12-04T19:40:01 IST" skipped="0">
  <testcase classname="com.api.tests.CountAPITest" name="countAPITest_MisssingAuthToken" time="0.574"/>
  <testcase classname="com.api.tests.CountAPITest" name="verifyCountAPIResponse" time="0.503"/>
</testsuite> <!-- com.api.tests.CountAPITest -->
