<?xml version="1.0" encoding="UTF-8"?>
<!-- Generated by org.testng.reporters.JUnitReportReporter -->
<testsuite hostname="DESKTOP-DCCAN7Q" failures="0" tests="2" name="com.api.tests.MasterAPITest" time="0.784" errors="0" timestamp="2025-12-04T19:40:01 IST" skipped="0">
  <testcase classname="com.api.tests.MasterAPITest" name="masterAPITest" time="0.609"/>
  <testcase classname="com.api.tests.MasterAPITest" name="invalidTokenMasterAPITest" time="0.175"/>
</testsuite> <!-- com.api.tests.MasterAPITest -->
